2021-02-09 00:46:40,152 WARN  [SoapUI] Missing folder [C:\Users\GeorgeScaria\Documents\API Project\rest-api\ext] for external libraries
2021-02-09 00:46:41,202 INFO  [DefaultSoapUICore] initialized soapui-settings from [C:\Users\GeorgeScaria\soapui-settings.xml]
2021-02-09 00:46:46,628 INFO  [WsdlProject] Loaded project from [file:/C:/Users/GeorgeScaria/Documents/API%20Project/rest-api/REST-Project-2-soapui-project.xml]
2021-02-09 00:46:49,099 INFO  [SoapUITestCaseRunner] Running SoapUI tests in project [REST Project 2]
2021-02-09 00:46:49,113 INFO  [SoapUITestCaseRunner] Running Project [REST Project 2], runType = SEQUENTIAL
2021-02-09 00:46:49,180 INFO  [SoapUITestCaseRunner] Running SoapUI testcase [TC_001]
2021-02-09 00:46:49,322 INFO  [SoapUITestCaseRunner] running step [Token]
2021-02-09 00:46:55,082 INFO  [log] Bearer 710d4792a81829d397fb8cb48d2a51d0ddd2fbe6
2021-02-09 00:46:55,681 INFO  [log] HTTP status code: 200
2021-02-09 00:46:55,773 INFO  [SoapUITestCaseRunner] Assertion [Valid HTTP Status Codes] has status VALID
2021-02-09 00:46:55,774 INFO  [SoapUITestCaseRunner] Assertion [Script Assertion] has status VALID
2021-02-09 00:46:55,859 INFO  [SoapUITestCaseRunner] Assertion [Script Assertion HTTP] has status VALID
2021-02-09 00:46:55,918 INFO  [SoapUITestCaseRunner] Finished running SoapUI testcase [TC_001], time taken: 2264ms, status: FINISHED
2021-02-09 00:46:56,187 INFO  [SoapUITestCaseRunner] Running SoapUI testcase [TC_002]
2021-02-09 00:46:56,207 INFO  [SoapUITestCaseRunner] running step [Login]
2021-02-09 00:46:56,905 INFO  [log] HTTP status code: 200
2021-02-09 00:46:56,944 INFO  [SoapUITestCaseRunner] Assertion [Valid HTTP Status Codes] has status VALID
2021-02-09 00:46:56,945 INFO  [SoapUITestCaseRunner] Assertion [Script Assertion] has status VALID
2021-02-09 00:46:56,995 INFO  [SoapUITestCaseRunner] running step [GetUser]
2021-02-09 00:46:57,492 INFO  [log] HTTP status code: 200
2021-02-09 00:46:57,494 INFO  [SoapUITestCaseRunner] Assertion [Script Assertion HTTP] has status VALID
2021-02-09 00:46:57,556 INFO  [SoapUITestCaseRunner] Finished running SoapUI testcase [TC_002], time taken: 913ms, status: FINISHED
2021-02-09 00:46:57,639 INFO  [SoapUITestCaseRunner] Running SoapUI testcase [TC_007]
2021-02-09 00:46:57,655 INFO  [SoapUITestCaseRunner] running step [Add customer]
2021-02-09 00:46:58,056 INFO  [log] 3768
2021-02-09 00:46:58,168 INFO  [SoapUITestCaseRunner] Assertion [Script Assertion] has status VALID
2021-02-09 00:46:58,171 INFO  [SoapUITestCaseRunner] Assertion [Valid HTTP Status Codes] has status VALID
2021-02-09 00:46:58,173 INFO  [SoapUITestCaseRunner] running step [Get Customer]
2021-02-09 00:46:58,608 INFO  [log] HTTP status code: 200
2021-02-09 00:46:58,635 INFO  [SoapUITestCaseRunner] Assertion [Script Assertion] has status VALID
2021-02-09 00:46:58,702 INFO  [SoapUITestCaseRunner] running step [DeleteCust]
2021-02-09 00:46:59,125 INFO  [SoapUITestCaseRunner] Assertion [Valid HTTP Status Codes] has status VALID
2021-02-09 00:46:59,126 INFO  [SoapUITestCaseRunner] running step [Logout]
2021-02-09 00:46:59,561 INFO  [log] HTTP status code: 200
2021-02-09 00:46:59,565 INFO  [SoapUITestCaseRunner] Assertion [Script Assertion] has status VALID
2021-02-09 00:46:59,570 INFO  [SoapUITestCaseRunner] Finished running SoapUI testcase [TC_007], time taken: 1393ms, status: FINISHED
2021-02-09 00:46:59,593 INFO  [SoapUITestCaseRunner] Project [REST Project 2] finished with status [FINISHED] in 10461ms
